# JRE version: OpenJDK Runtime Environment (17.0.2+8) (build 17.0.2+8-86)
# Java VM: OpenJDK 64-Bit Server VM (17.0.2+8-86, mixed mode, sharing, tiered, compressed oops, compressed class ptrs, g1 gc, windows-amd64)
GC Precious Log:
 CPUs: 8 total, 8 available
 Memory: 16103M
 Large Page Support: Disabled
 NUMA Support: Disabled
 Compressed Oops: Enabled (Zero based)
 Heap Region Size: 2M
 Heap Min Capacity: 8M
 Heap Initial Capacity: 252M
 Heap Max Capacity: 4026M
 Pre-touch: Disabled
 Parallel Workers: 8
 Concurrent Workers: 2
 Concurrent Refinement Workers: 8
 Periodic GC: Disabled
Heap:
 garbage-first heap   total 276480K, used 136622K [0x0000000704600000, 0x0000000800000000)
  region size 2048K, 44 young (90112K), 4 survivors (8192K)
 Metaspace       used 50010K, committed 50432K, reserved 1097728K
  class space    used 5476K, committed 5696K, reserved 1048576K
GC Heap History (20 events):
Event: 12.857 GC heap before
{Heap before GC invocations=21 (full 0):
 garbage-first heap   total 116736K, used 63298K [0x0000000704600000, 0x0000000800000000)
  region size 2048K, 3 young (6144K), 2 survivors (4096K)
 Metaspace       used 41989K, committed 42368K, reserved 1089536K
  class space    used 4533K, committed 4736K, reserved 1048576K
}
Event: 12.860 GC heap after
{Heap after GC invocations=22 (full 0):
 garbage-first heap   total 116736K, used 50375K [0x0000000704600000, 0x0000000800000000)
  region size 2048K, 1 young (2048K), 1 survivors (2048K)
 Metaspace       used 41989K, committed 42368K, reserved 1089536K
  class space    used 4533K, committed 4736K, reserved 1048576K
}
Event: 12.868 GC heap before
{Heap before GC invocations=22 (full 0):
 garbage-first heap   total 116736K, used 52423K [0x0000000704600000, 0x0000000800000000)
  region size 2048K, 2 young (4096K), 1 survivors (2048K)
 Metaspace       used 41989K, committed 42368K, reserved 1089536K
  class space    used 4533K, committed 4736K, reserved 1048576K
}
Event: 12.872 GC heap after
{Heap after GC invocations=23 (full 0):
 garbage-first heap   total 147456K, used 47115K [0x0000000704600000, 0x0000000800000000)
  region size 2048K, 1 young (2048K), 1 survivors (2048K)
 Metaspace       used 41989K, committed 42368K, reserved 1089536K
  class space    used 4533K, committed 4736K, reserved 1048576K
}
Event: 13.171 GC heap before
{Heap before GC invocations=23 (full 0):
 garbage-first heap   total 147456K, used 108555K [0x0000000704600000, 0x0000000800000000)
  region size 2048K, 31 young (63488K), 1 survivors (2048K)
 Metaspace       used 42008K, committed 42368K, reserved 1089536K
  class space    used 4533K, committed 4736K, reserved 1048576K
}
Event: 13.175 GC heap after
{Heap after GC invocations=24 (full 0):
 garbage-first heap   total 147456K, used 51431K [0x0000000704600000, 0x0000000800000000)
  region size 2048K, 3 young (6144K), 3 survivors (6144K)
 Metaspace       used 42008K, committed 42368K, reserved 1089536K
  class space    used 4533K, committed 4736K, reserved 1048576K
}
Event: 13.401 GC heap before
{Heap before GC invocations=24 (full 0):
 garbage-first heap   total 147456K, used 110823K [0x0000000704600000, 0x0000000800000000)
  region size 2048K, 32 young (65536K), 3 survivors (6144K)
 Metaspace       used 42011K, committed 42368K, reserved 1089536K
  class space    used 4534K, committed 4736K, reserved 1048576K
}
Event: 13.404 GC heap after
{Heap after GC invocations=25 (full 0):
 garbage-first heap   total 147456K, used 52345K [0x0000000704600000, 0x0000000800000000)
  region size 2048K, 2 young (4096K), 2 survivors (4096K)
 Metaspace       used 42011K, committed 42368K, reserved 1089536K
  class space    used 4534K, committed 4736K, reserved 1048576K
}
Event: 13.647 GC heap before
{Heap before GC invocations=25 (full 0):
 garbage-first heap   total 147456K, used 113785K [0x0000000704600000, 0x0000000800000000)
  region size 2048K, 32 young (65536K), 2 survivors (4096K)
 Metaspace       used 42015K, committed 42368K, reserved 1089536K
  class space    used 4534K, committed 4736K, reserved 1048576K
}
Event: 13.650 GC heap after
{Heap after GC invocations=26 (full 0):
 garbage-first heap   total 147456K, used 53626K [0x0000000704600000, 0x0000000800000000)
  region size 2048K, 3 young (6144K), 3 survivors (6144K)
 Metaspace       used 42015K, committed 42368K, reserved 1089536K
  class space    used 4534K, committed 4736K, reserved 1048576K
}
Event: 13.895 GC heap before
{Heap before GC invocations=26 (full 0):
 garbage-first heap   total 147456K, used 113018K [0x0000000704600000, 0x0000000800000000)
  region size 2048K, 32 young (65536K), 3 survivors (6144K)
 Metaspace       used 42015K, committed 42368K, reserved 1089536K
  class space    used 4534K, committed 4736K, reserved 1048576K
}
Event: 13.898 GC heap after
{Heap after GC invocations=27 (full 0):
 garbage-first heap   total 276480K, used 54158K [0x0000000704600000, 0x0000000800000000)
  region size 2048K, 3 young (6144K), 3 survivors (6144K)
 Metaspace       used 42015K, committed 42368K, reserved 1089536K
  class space    used 4534K, committed 4736K, reserved 1048576K
}
Event: 14.559 GC heap before
{Heap before GC invocations=27 (full 0):
 garbage-first heap   total 276480K, used 213902K [0x0000000704600000, 0x0000000800000000)
  region size 2048K, 81 young (165888K), 3 survivors (6144K)
 Metaspace       used 42059K, committed 42496K, reserved 1089536K
  class space    used 4536K, committed 4736K, reserved 1048576K
}
Event: 14.563 GC heap after
{Heap after GC invocations=28 (full 0):
 garbage-first heap   total 276480K, used 57736K [0x0000000704600000, 0x0000000800000000)
  region size 2048K, 5 young (10240K), 5 survivors (10240K)
 Metaspace       used 42059K, committed 42496K, reserved 1089536K
  class space    used 4536K, committed 4736K, reserved 1048576K
}
Event: 15.112 GC heap before
{Heap before GC invocations=28 (full 0):
 garbage-first heap   total 276480K, used 213384K [0x0000000704600000, 0x0000000800000000)
  region size 2048K, 81 young (165888K), 5 survivors (10240K)
 Metaspace       used 42088K, committed 42496K, reserved 1089536K
  class space    used 4536K, committed 4736K, reserved 1048576K
}
Event: 15.115 GC heap after
{Heap after GC invocations=29 (full 0):
 garbage-first heap   total 276480K, used 58848K [0x0000000704600000, 0x0000000800000000)
  region size 2048K, 5 young (10240K), 5 survivors (10240K)
 Metaspace       used 42088K, committed 42496K, reserved 1089536K
  class space    used 4536K, committed 4736K, reserved 1048576K
}
Event: 15.610 GC heap before
{Heap before GC invocations=29 (full 0):
 garbage-first heap   total 276480K, used 214496K [0x0000000704600000, 0x0000000800000000)
  region size 2048K, 81 young (165888K), 5 survivors (10240K)
 Metaspace       used 42138K, committed 42496K, reserved 1089536K
  class space    used 4542K, committed 4736K, reserved 1048576K
}
Event: 15.614 GC heap after
{Heap after GC invocations=30 (full 0):
 garbage-first heap   total 276480K, used 59549K [0x0000000704600000, 0x0000000800000000)
  region size 2048K, 5 young (10240K), 5 survivors (10240K)
 Metaspace       used 42138K, committed 42496K, reserved 1089536K
  class space    used 4542K, committed 4736K, reserved 1048576K
}
Event: 16.263 GC heap before
{Heap before GC invocations=30 (full 0):
 garbage-first heap   total 276480K, used 215197K [0x0000000704600000, 0x0000000800000000)
  region size 2048K, 81 young (165888K), 5 survivors (10240K)
 Metaspace       used 44496K, committed 44928K, reserved 1089536K
  class space    used 4805K, committed 4992K, reserved 1048576K
}
Event: 16.267 GC heap after
{Heap after GC invocations=31 (full 0):
 garbage-first heap   total 276480K, used 56750K [0x0000000704600000, 0x0000000800000000)
  region size 2048K, 4 young (8192K), 4 survivors (8192K)
 Metaspace       used 44496K, committed 44928K, reserved 1089536K
  class space    used 4805K, committed 4992K, reserved 1048576K
}

