# JRE version: OpenJDK Runtime Environment (17.0.2+8) (build 17.0.2+8-86)
# Java VM: OpenJDK 64-Bit Server VM (17.0.2+8-86, mixed mode, sharing, tiered, compressed oops, compressed class ptrs, g1 gc, windows-amd64)
GC Precious Log:
 CPUs: 8 total, 8 available
 Memory: 16103M
 Large Page Support: Disabled
 NUMA Support: Disabled
 Compressed Oops: Enabled (Zero based)
 Heap Region Size: 2M
 Heap Min Capacity: 8M
 Heap Initial Capacity: 252M
 Heap Max Capacity: 4026M
 Pre-touch: Disabled
 Parallel Workers: 8
 Concurrent Workers: 2
 Concurrent Refinement Workers: 8
 Periodic GC: Disabled
Heap:
 garbage-first heap   total 221184K, used 108805K [0x0000000704600000, 0x0000000800000000)
  region size 2048K, 30 young (61440K), 4 survivors (8192K)
 Metaspace       used 50044K, committed 50560K, reserved 1097728K
  class space    used 5475K, committed 5696K, reserved 1048576K
GC Heap History (20 events):
Event: 13.855 GC heap before
{Heap before GC invocations=23 (full 0):
 garbage-first heap   total 143360K, used 105895K [0x0000000704600000, 0x0000000800000000)
  region size 2048K, 30 young (61440K), 1 survivors (2048K)
 Metaspace       used 41991K, committed 42432K, reserved 1089536K
  class space    used 4531K, committed 4736K, reserved 1048576K
}
Event: 13.857 GC heap after
{Heap after GC invocations=24 (full 0):
 garbage-first heap   total 143360K, used 50784K [0x0000000704600000, 0x0000000800000000)
  region size 2048K, 3 young (6144K), 3 survivors (6144K)
 Metaspace       used 41991K, committed 42432K, reserved 1089536K
  class space    used 4531K, committed 4736K, reserved 1048576K
}
Event: 14.083 GC heap before
{Heap before GC invocations=24 (full 0):
 garbage-first heap   total 143360K, used 108128K [0x0000000704600000, 0x0000000800000000)
  region size 2048K, 31 young (63488K), 3 survivors (6144K)
 Metaspace       used 41995K, committed 42432K, reserved 1089536K
  class space    used 4531K, committed 4736K, reserved 1048576K
}
Event: 14.085 GC heap after
{Heap after GC invocations=25 (full 0):
 garbage-first heap   total 143360K, used 52128K [0x0000000704600000, 0x0000000800000000)
  region size 2048K, 3 young (6144K), 3 survivors (6144K)
 Metaspace       used 41995K, committed 42432K, reserved 1089536K
  class space    used 4531K, committed 4736K, reserved 1048576K
}
Event: 14.374 GC heap before
{Heap before GC invocations=25 (full 0):
 garbage-first heap   total 143360K, used 109472K [0x0000000704600000, 0x0000000800000000)
  region size 2048K, 31 young (63488K), 3 survivors (6144K)
 Metaspace       used 42050K, committed 42496K, reserved 1089536K
  class space    used 4532K, committed 4736K, reserved 1048576K
}
Event: 14.377 GC heap after
{Heap after GC invocations=26 (full 0):
 garbage-first heap   total 143360K, used 52956K [0x0000000704600000, 0x0000000800000000)
  region size 2048K, 3 young (6144K), 3 survivors (6144K)
 Metaspace       used 42050K, committed 42496K, reserved 1089536K
  class space    used 4532K, committed 4736K, reserved 1048576K
}
Event: 14.607 GC heap before
{Heap before GC invocations=26 (full 0):
 garbage-first heap   total 143360K, used 112348K [0x0000000704600000, 0x0000000800000000)
  region size 2048K, 32 young (65536K), 3 survivors (6144K)
 Metaspace       used 42052K, committed 42496K, reserved 1089536K
  class space    used 4532K, committed 4736K, reserved 1048576K
}
Event: 14.610 GC heap after
{Heap after GC invocations=27 (full 0):
 garbage-first heap   total 143360K, used 53766K [0x0000000704600000, 0x0000000800000000)
  region size 2048K, 3 young (6144K), 3 survivors (6144K)
 Metaspace       used 42052K, committed 42496K, reserved 1089536K
  class space    used 4532K, committed 4736K, reserved 1048576K
}
Event: 14.841 GC heap before
{Heap before GC invocations=27 (full 0):
 garbage-first heap   total 143360K, used 113158K [0x0000000704600000, 0x0000000800000000)
  region size 2048K, 32 young (65536K), 3 survivors (6144K)
 Metaspace       used 42061K, committed 42496K, reserved 1089536K
  class space    used 4532K, committed 4736K, reserved 1048576K
}
Event: 14.844 GC heap after
{Heap after GC invocations=28 (full 0):
 garbage-first heap   total 221184K, used 55163K [0x0000000704600000, 0x0000000800000000)
  region size 2048K, 3 young (6144K), 3 survivors (6144K)
 Metaspace       used 42061K, committed 42496K, reserved 1089536K
  class space    used 4532K, committed 4736K, reserved 1048576K
}
Event: 15.320 GC heap before
{Heap before GC invocations=28 (full 0):
 garbage-first heap   total 221184K, used 175995K [0x0000000704600000, 0x0000000800000000)
  region size 2048K, 62 young (126976K), 3 survivors (6144K)
 Metaspace       used 42148K, committed 42560K, reserved 1089536K
  class space    used 4538K, committed 4736K, reserved 1048576K
}
Event: 15.323 GC heap after
{Heap after GC invocations=29 (full 0):
 garbage-first heap   total 221184K, used 55960K [0x0000000704600000, 0x0000000800000000)
  region size 2048K, 4 young (8192K), 4 survivors (8192K)
 Metaspace       used 42148K, committed 42560K, reserved 1089536K
  class space    used 4538K, committed 4736K, reserved 1048576K
}
Event: 15.760 GC heap before
{Heap before GC invocations=29 (full 0):
 garbage-first heap   total 221184K, used 174744K [0x0000000704600000, 0x0000000800000000)
  region size 2048K, 62 young (126976K), 4 survivors (8192K)
 Metaspace       used 42151K, committed 42560K, reserved 1089536K
  class space    used 4538K, committed 4736K, reserved 1048576K
}
Event: 15.763 GC heap after
{Heap after GC invocations=30 (full 0):
 garbage-first heap   total 221184K, used 57398K [0x0000000704600000, 0x0000000800000000)
  region size 2048K, 4 young (8192K), 4 survivors (8192K)
 Metaspace       used 42151K, committed 42560K, reserved 1089536K
  class space    used 4538K, committed 4736K, reserved 1048576K
}
Event: 16.129 GC heap before
{Heap before GC invocations=30 (full 0):
 garbage-first heap   total 221184K, used 178230K [0x0000000704600000, 0x0000000800000000)
  region size 2048K, 63 young (129024K), 4 survivors (8192K)
 Metaspace       used 42166K, committed 42560K, reserved 1089536K
  class space    used 4538K, committed 4736K, reserved 1048576K
}
Event: 16.133 GC heap after
{Heap after GC invocations=31 (full 0):
 garbage-first heap   total 221184K, used 58311K [0x0000000704600000, 0x0000000800000000)
  region size 2048K, 5 young (10240K), 5 survivors (10240K)
 Metaspace       used 42166K, committed 42560K, reserved 1089536K
  class space    used 4538K, committed 4736K, reserved 1048576K
}
Event: 16.472 GC heap before
{Heap before GC invocations=31 (full 0):
 garbage-first heap   total 221184K, used 179143K [0x0000000704600000, 0x0000000800000000)
  region size 2048K, 64 young (131072K), 5 survivors (10240K)
 Metaspace       used 42244K, committed 42624K, reserved 1089536K
  class space    used 4541K, committed 4736K, reserved 1048576K
}
Event: 16.476 GC heap after
{Heap after GC invocations=32 (full 0):
 garbage-first heap   total 221184K, used 60958K [0x0000000704600000, 0x0000000800000000)
  region size 2048K, 6 young (12288K), 6 survivors (12288K)
 Metaspace       used 42244K, committed 42624K, reserved 1089536K
  class space    used 4541K, committed 4736K, reserved 1048576K
}
Event: 17.102 GC heap before
{Heap before GC invocations=32 (full 0):
 garbage-first heap   total 221184K, used 179742K [0x0000000704600000, 0x0000000800000000)
  region size 2048K, 64 young (131072K), 6 survivors (12288K)
 Metaspace       used 45825K, committed 46272K, reserved 1097728K
  class space    used 5011K, committed 5184K, reserved 1048576K
}
Event: 17.106 GC heap after
{Heap after GC invocations=33 (full 0):
 garbage-first heap   total 221184K, used 57605K [0x0000000704600000, 0x0000000800000000)
  region size 2048K, 4 young (8192K), 4 survivors (8192K)
 Metaspace       used 45825K, committed 46272K, reserved 1097728K
  class space    used 5011K, committed 5184K, reserved 1048576K
}

